12/15/2025 16:08:38 [INFO    ]          __main__.py( 16):<module>             :: Launching viewer
12/15/2025 16:08:38 [INFO    ]          __main__.py( 16):<module>             :: Launching viewer
12/15/2025 16:08:38 [INFO    ]            viewer.py( 27):__init__             :: Start network
12/15/2025 16:08:38 [INFO    ]            viewer.py( 27):__init__             :: Start network
12/15/2025 16:08:38 [INFO    ]            viewer.py( 29):__init__             :: Start GUI
12/15/2025 16:08:38 [INFO    ]            viewer.py( 29):__init__             :: Start GUI
12/15/2025 16:09:01 [ERROR   ]            viewer.py( 18):network_thread       :: End of network communication
Traceback (most recent call last):
  File "/home/udamien/ProjetPY/Projet-POO-M1/venv/lib/python3.12/site-packages/chronobio/viewer/viewer.py", line 15, in network_thread
    data = client.read_json()
           ^^^^^^^^^^^^^^^^^^
  File "/home/udamien/ProjetPY/Projet-POO-M1/venv/lib/python3.12/site-packages/chronobio/network/client.py", line 35, in read_json
    return self._data_handler.read_json()
           ^^^^^^^^^^^^^^^^^^^^^^^^^^^^^^
  File "/home/udamien/ProjetPY/Projet-POO-M1/venv/lib/python3.12/site-packages/chronobio/network/data_handler.py", line 60, in read_json
    json_text += "\n" + self.readline(timeout)
                        ^^^^^^^^^^^^^^^^^^^^^^
  File "/home/udamien/ProjetPY/Projet-POO-M1/venv/lib/python3.12/site-packages/chronobio/network/data_handler.py", line 47, in readline
    raise ChronobioNetworkError
chronobio.game.exceptions.ChronobioNetworkError
12/15/2025 16:09:01 [ERROR   ]            viewer.py( 18):network_thread       :: End of network communication
Traceback (most recent call last):
  File "/home/udamien/ProjetPY/Projet-POO-M1/venv/lib/python3.12/site-packages/chronobio/viewer/viewer.py", line 15, in network_thread
    data = client.read_json()
           ^^^^^^^^^^^^^^^^^^
  File "/home/udamien/ProjetPY/Projet-POO-M1/venv/lib/python3.12/site-packages/chronobio/network/client.py", line 35, in read_json
    return self._data_handler.read_json()
           ^^^^^^^^^^^^^^^^^^^^^^^^^^^^^^
  File "/home/udamien/ProjetPY/Projet-POO-M1/venv/lib/python3.12/site-packages/chronobio/network/data_handler.py", line 60, in read_json
    json_text += "\n" + self.readline(timeout)
                        ^^^^^^^^^^^^^^^^^^^^^^
  File "/home/udamien/ProjetPY/Projet-POO-M1/venv/lib/python3.12/site-packages/chronobio/network/data_handler.py", line 47, in readline
    raise ChronobioNetworkError
chronobio.game.exceptions.ChronobioNetworkError
12/15/2025 16:09:11 [INFO    ]            viewer.py( 22):network_thread       :: sleeping
12/15/2025 16:09:11 [INFO    ]            viewer.py( 22):network_thread       :: sleeping
12/15/2025 16:09:21 [INFO    ]            viewer.py( 22):network_thread       :: sleeping
12/15/2025 16:09:21 [INFO    ]            viewer.py( 22):network_thread       :: sleeping
12/15/2025 16:09:34 [INFO    ]            viewer.py( 22):network_thread       :: sleeping
12/15/2025 16:09:34 [INFO    ]            viewer.py( 22):network_thread       :: sleeping
12/15/2025 16:09:44 [INFO    ]            viewer.py( 22):network_thread       :: sleeping
12/15/2025 16:09:44 [INFO    ]            viewer.py( 22):network_thread       :: sleeping
12/15/2025 16:09:54 [INFO    ]            viewer.py( 22):network_thread       :: sleeping
12/15/2025 16:09:54 [INFO    ]            viewer.py( 22):network_thread       :: sleeping
12/15/2025 16:10:07 [INFO    ]            viewer.py( 22):network_thread       :: sleeping
12/15/2025 16:10:07 [INFO    ]            viewer.py( 22):network_thread       :: sleeping
12/15/2025 16:10:59 [INFO    ]          __main__.py( 16):<module>             :: Launching viewer
12/15/2025 16:10:59 [INFO    ]            viewer.py( 27):__init__             :: Start network
12/15/2025 16:10:59 [INFO    ]            viewer.py( 29):__init__             :: Start GUI
12/15/2025 16:11:40 [INFO    ]          __main__.py( 16):<module>             :: Launching viewer
12/15/2025 16:11:40 [INFO    ]            viewer.py( 27):__init__             :: Start network
12/15/2025 16:11:40 [INFO    ]            viewer.py( 29):__init__             :: Start GUI
12/15/2025 16:12:03 [ERROR   ]            viewer.py( 18):network_thread       :: End of network communication
Traceback (most recent call last):
  File "/home/udamien/ProjetPY/Projet-POO-M1/venv/lib/python3.12/site-packages/chronobio/viewer/viewer.py", line 15, in network_thread
    data = client.read_json()
           ^^^^^^^^^^^^^^^^^^
  File "/home/udamien/ProjetPY/Projet-POO-M1/venv/lib/python3.12/site-packages/chronobio/network/client.py", line 35, in read_json
    return self._data_handler.read_json()
           ^^^^^^^^^^^^^^^^^^^^^^^^^^^^^^
  File "/home/udamien/ProjetPY/Projet-POO-M1/venv/lib/python3.12/site-packages/chronobio/network/data_handler.py", line 60, in read_json
    json_text += "\n" + self.readline(timeout)
                        ^^^^^^^^^^^^^^^^^^^^^^
  File "/home/udamien/ProjetPY/Projet-POO-M1/venv/lib/python3.12/site-packages/chronobio/network/data_handler.py", line 47, in readline
    raise ChronobioNetworkError
chronobio.game.exceptions.ChronobioNetworkError
12/15/2025 16:12:09 [INFO    ]          __main__.py( 16):<module>             :: Launching viewer
12/15/2025 16:12:09 [INFO    ]            viewer.py( 27):__init__             :: Start network
12/15/2025 16:12:09 [INFO    ]            viewer.py( 29):__init__             :: Start GUI
12/15/2025 16:12:32 [INFO    ]          __main__.py( 16):<module>             :: Launching viewer
12/15/2025 16:12:32 [INFO    ]            viewer.py( 27):__init__             :: Start network
12/15/2025 16:12:32 [INFO    ]            viewer.py( 29):__init__             :: Start GUI
12/15/2025 16:12:53 [ERROR   ]            viewer.py( 18):network_thread       :: End of network communication
Traceback (most recent call last):
  File "/home/udamien/ProjetPY/Projet-POO-M1/venv/lib/python3.12/site-packages/chronobio/viewer/viewer.py", line 15, in network_thread
    data = client.read_json()
           ^^^^^^^^^^^^^^^^^^
  File "/home/udamien/ProjetPY/Projet-POO-M1/venv/lib/python3.12/site-packages/chronobio/network/client.py", line 35, in read_json
    return self._data_handler.read_json()
           ^^^^^^^^^^^^^^^^^^^^^^^^^^^^^^
  File "/home/udamien/ProjetPY/Projet-POO-M1/venv/lib/python3.12/site-packages/chronobio/network/data_handler.py", line 60, in read_json
    json_text += "\n" + self.readline(timeout)
                        ^^^^^^^^^^^^^^^^^^^^^^
  File "/home/udamien/ProjetPY/Projet-POO-M1/venv/lib/python3.12/site-packages/chronobio/network/data_handler.py", line 47, in readline
    raise ChronobioNetworkError
chronobio.game.exceptions.ChronobioNetworkError
12/15/2025 16:13:00 [INFO    ]          __main__.py( 16):<module>             :: Launching viewer
12/15/2025 16:13:00 [INFO    ]            viewer.py( 27):__init__             :: Start network
12/15/2025 16:13:00 [INFO    ]            viewer.py( 29):__init__             :: Start GUI
12/15/2025 16:13:40 [INFO    ]          __main__.py( 16):<module>             :: Launching viewer
12/15/2025 16:13:41 [INFO    ]            viewer.py( 27):__init__             :: Start network
12/15/2025 16:13:41 [INFO    ]            viewer.py( 29):__init__             :: Start GUI
12/15/2025 16:14:33 [INFO    ]          __main__.py( 16):<module>             :: Launching viewer
12/15/2025 16:14:33 [INFO    ]            viewer.py( 27):__init__             :: Start network
12/15/2025 16:14:33 [INFO    ]            viewer.py( 29):__init__             :: Start GUI
12/15/2025 16:17:48 [INFO    ]          __main__.py( 16):<module>             :: Launching viewer
12/15/2025 16:17:48 [INFO    ]            viewer.py( 27):__init__             :: Start network
12/15/2025 16:17:48 [INFO    ]            viewer.py( 29):__init__             :: Start GUI
12/15/2025 16:19:07 [INFO    ]          __main__.py( 16):<module>             :: Launching viewer
12/15/2025 16:19:07 [INFO    ]            viewer.py( 27):__init__             :: Start network
12/15/2025 16:19:07 [INFO    ]            viewer.py( 29):__init__             :: Start GUI
12/15/2025 16:24:42 [INFO    ]          __main__.py( 16):<module>             :: Launching viewer
12/15/2025 16:24:42 [INFO    ]            viewer.py( 27):__init__             :: Start network
12/15/2025 16:24:42 [INFO    ]            viewer.py( 29):__init__             :: Start GUI
12/15/2025 16:27:39 [INFO    ]          __main__.py( 16):<module>             :: Launching viewer
12/15/2025 16:27:39 [INFO    ]            viewer.py( 27):__init__             :: Start network
12/15/2025 16:27:39 [INFO    ]            viewer.py( 29):__init__             :: Start GUI
12/15/2025 16:27:59 [ERROR   ]            viewer.py( 18):network_thread       :: End of network communication
Traceback (most recent call last):
  File "/home/udamien/ProjetPY/Projet-POO-M1/venv/lib/python3.12/site-packages/chronobio/viewer/viewer.py", line 15, in network_thread
    data = client.read_json()
           ^^^^^^^^^^^^^^^^^^
  File "/home/udamien/ProjetPY/Projet-POO-M1/venv/lib/python3.12/site-packages/chronobio/network/client.py", line 35, in read_json
    return self._data_handler.read_json()
           ^^^^^^^^^^^^^^^^^^^^^^^^^^^^^^
  File "/home/udamien/ProjetPY/Projet-POO-M1/venv/lib/python3.12/site-packages/chronobio/network/data_handler.py", line 60, in read_json
    json_text += "\n" + self.readline(timeout)
                        ^^^^^^^^^^^^^^^^^^^^^^
  File "/home/udamien/ProjetPY/Projet-POO-M1/venv/lib/python3.12/site-packages/chronobio/network/data_handler.py", line 47, in readline
    raise ChronobioNetworkError
chronobio.game.exceptions.ChronobioNetworkError
12/15/2025 16:28:07 [INFO    ]          __main__.py( 16):<module>             :: Launching viewer
12/15/2025 16:28:07 [INFO    ]            viewer.py( 27):__init__             :: Start network
12/15/2025 16:28:07 [INFO    ]            viewer.py( 29):__init__             :: Start GUI
12/15/2025 16:30:22 [INFO    ]          __main__.py( 16):<module>             :: Launching viewer
12/15/2025 16:30:22 [INFO    ]            viewer.py( 27):__init__             :: Start network
12/15/2025 16:30:22 [INFO    ]            viewer.py( 29):__init__             :: Start GUI
12/15/2025 16:30:53 [ERROR   ]            viewer.py( 18):network_thread       :: End of network communication
Traceback (most recent call last):
  File "/home/udamien/ProjetPY/Projet-POO-M1/venv/lib/python3.12/site-packages/chronobio/viewer/viewer.py", line 15, in network_thread
    data = client.read_json()
           ^^^^^^^^^^^^^^^^^^
  File "/home/udamien/ProjetPY/Projet-POO-M1/venv/lib/python3.12/site-packages/chronobio/network/client.py", line 35, in read_json
    return self._data_handler.read_json()
           ^^^^^^^^^^^^^^^^^^^^^^^^^^^^^^
  File "/home/udamien/ProjetPY/Projet-POO-M1/venv/lib/python3.12/site-packages/chronobio/network/data_handler.py", line 60, in read_json
    json_text += "\n" + self.readline(timeout)
                        ^^^^^^^^^^^^^^^^^^^^^^
  File "/home/udamien/ProjetPY/Projet-POO-M1/venv/lib/python3.12/site-packages/chronobio/network/data_handler.py", line 47, in readline
    raise ChronobioNetworkError
chronobio.game.exceptions.ChronobioNetworkError
12/15/2025 16:31:03 [INFO    ]            viewer.py( 22):network_thread       :: sleeping
12/15/2025 16:31:23 [INFO    ]          __main__.py( 16):<module>             :: Launching viewer
12/15/2025 16:31:23 [INFO    ]            viewer.py( 27):__init__             :: Start network
12/15/2025 16:31:23 [INFO    ]            viewer.py( 29):__init__             :: Start GUI
12/15/2025 16:32:00 [INFO    ]          __main__.py( 16):<module>             :: Launching viewer
12/15/2025 16:32:00 [INFO    ]            viewer.py( 27):__init__             :: Start network
12/15/2025 16:32:00 [INFO    ]            viewer.py( 29):__init__             :: Start GUI
12/15/2025 16:33:24 [INFO    ]          __main__.py( 16):<module>             :: Launching viewer
12/15/2025 16:33:24 [INFO    ]            viewer.py( 27):__init__             :: Start network
12/15/2025 16:33:24 [INFO    ]            viewer.py( 29):__init__             :: Start GUI
12/15/2025 16:35:03 [INFO    ]          __main__.py( 16):<module>             :: Launching viewer
12/15/2025 16:35:03 [INFO    ]            viewer.py( 27):__init__             :: Start network
12/15/2025 16:35:03 [INFO    ]            viewer.py( 29):__init__             :: Start GUI
12/15/2025 16:37:41 [INFO    ]          __main__.py( 16):<module>             :: Launching viewer
12/15/2025 16:37:41 [INFO    ]            viewer.py( 27):__init__             :: Start network
12/15/2025 16:37:41 [INFO    ]            viewer.py( 29):__init__             :: Start GUI
12/15/2025 16:39:20 [INFO    ]          __main__.py( 16):<module>             :: Launching viewer
12/15/2025 16:39:20 [INFO    ]            viewer.py( 27):__init__             :: Start network
12/15/2025 16:39:20 [INFO    ]            viewer.py( 29):__init__             :: Start GUI
12/15/2025 16:52:55 [ERROR   ]            viewer.py( 18):network_thread       :: End of network communication
Traceback (most recent call last):
  File "/home/udamien/ProjetPY/Projet-POO-M1/venv/lib/python3.12/site-packages/chronobio/viewer/viewer.py", line 15, in network_thread
    data = client.read_json()
           ^^^^^^^^^^^^^^^^^^
  File "/home/udamien/ProjetPY/Projet-POO-M1/venv/lib/python3.12/site-packages/chronobio/network/client.py", line 35, in read_json
    return self._data_handler.read_json()
           ^^^^^^^^^^^^^^^^^^^^^^^^^^^^^^
  File "/home/udamien/ProjetPY/Projet-POO-M1/venv/lib/python3.12/site-packages/chronobio/network/data_handler.py", line 60, in read_json
    json_text += "\n" + self.readline(timeout)
                        ^^^^^^^^^^^^^^^^^^^^^^
  File "/home/udamien/ProjetPY/Projet-POO-M1/venv/lib/python3.12/site-packages/chronobio/network/data_handler.py", line 47, in readline
    raise ChronobioNetworkError
chronobio.game.exceptions.ChronobioNetworkError
12/15/2025 16:53:05 [INFO    ]            viewer.py( 22):network_thread       :: sleeping
12/15/2025 16:53:15 [INFO    ]            viewer.py( 22):network_thread       :: sleeping
12/15/2025 16:53:27 [INFO    ]            viewer.py( 22):network_thread       :: sleeping
12/15/2025 16:53:37 [INFO    ]            viewer.py( 22):network_thread       :: sleeping
12/18/2025 09:29:11 [INFO    ]          __main__.py( 16):<module>             :: Launching viewer
12/18/2025 09:29:11 [INFO    ]            viewer.py( 27):__init__             :: Start network
12/18/2025 09:29:11 [INFO    ]            viewer.py( 29):__init__             :: Start GUI
12/18/2025 09:32:49 [INFO    ]          __main__.py( 16):<module>             :: Launching viewer
12/18/2025 09:32:49 [INFO    ]            viewer.py( 27):__init__             :: Start network
12/18/2025 09:32:49 [INFO    ]            viewer.py( 29):__init__             :: Start GUI
12/18/2025 09:33:26 [INFO    ]          __main__.py( 16):<module>             :: Launching viewer
12/18/2025 09:33:26 [INFO    ]            viewer.py( 27):__init__             :: Start network
12/18/2025 09:33:26 [INFO    ]            viewer.py( 29):__init__             :: Start GUI
12/18/2025 09:55:48 [INFO    ]          __main__.py( 16):<module>             :: Launching viewer
12/18/2025 09:55:48 [INFO    ]            viewer.py( 27):__init__             :: Start network
12/18/2025 09:55:48 [INFO    ]            viewer.py( 29):__init__             :: Start GUI
12/18/2025 09:57:19 [INFO    ]          __main__.py( 16):<module>             :: Launching viewer
12/18/2025 09:57:19 [INFO    ]            viewer.py( 27):__init__             :: Start network
12/18/2025 09:57:19 [INFO    ]            viewer.py( 29):__init__             :: Start GUI
12/18/2025 09:57:47 [INFO    ]          __main__.py( 16):<module>             :: Launching viewer
12/18/2025 09:57:47 [INFO    ]            viewer.py( 27):__init__             :: Start network
12/18/2025 09:57:47 [INFO    ]            viewer.py( 29):__init__             :: Start GUI
12/18/2025 09:58:14 [INFO    ]          __main__.py( 16):<module>             :: Launching viewer
12/18/2025 09:58:14 [INFO    ]            viewer.py( 27):__init__             :: Start network
12/18/2025 09:58:14 [INFO    ]            viewer.py( 29):__init__             :: Start GUI
12/18/2025 10:00:42 [INFO    ]          __main__.py( 16):<module>             :: Launching viewer
12/18/2025 10:00:42 [INFO    ]            viewer.py( 27):__init__             :: Start network
12/18/2025 10:00:42 [INFO    ]            viewer.py( 29):__init__             :: Start GUI
12/18/2025 10:08:01 [INFO    ]          __main__.py( 16):<module>             :: Launching viewer
12/18/2025 10:08:01 [INFO    ]            viewer.py( 27):__init__             :: Start network
12/18/2025 10:08:01 [INFO    ]            viewer.py( 29):__init__             :: Start GUI
12/18/2025 10:14:40 [INFO    ]          __main__.py( 16):<module>             :: Launching viewer
12/18/2025 10:14:40 [INFO    ]            viewer.py( 27):__init__             :: Start network
12/18/2025 10:14:40 [INFO    ]            viewer.py( 29):__init__             :: Start GUI
12/18/2025 10:28:00 [INFO    ]          __main__.py( 16):<module>             :: Launching viewer
12/18/2025 10:28:00 [INFO    ]            viewer.py( 27):__init__             :: Start network
12/18/2025 10:28:00 [INFO    ]            viewer.py( 29):__init__             :: Start GUI
12/18/2025 10:28:45 [INFO    ]          __main__.py( 16):<module>             :: Launching viewer
12/18/2025 10:28:45 [INFO    ]            viewer.py( 27):__init__             :: Start network
12/18/2025 10:28:45 [INFO    ]            viewer.py( 29):__init__             :: Start GUI
12/18/2025 10:36:45 [INFO    ]          __main__.py( 16):<module>             :: Launching viewer
12/18/2025 10:36:45 [INFO    ]            viewer.py( 27):__init__             :: Start network
12/18/2025 10:36:45 [INFO    ]            viewer.py( 29):__init__             :: Start GUI
